#
# A fatal error has been detected by the Java Runtime Environment:
#
#  SIGSEGV (0xb) at pc=0x00000001125fe511, pid=71785, tid=775
#
# JRE version: Java(TM) SE Runtime Environment (8.0_45-b14) (build 1.8.0_45-b14)
# Java VM: Java HotSpot(TM) 64-Bit Server VM (25.45-b02 mixed mode bsd-amd64 compressed oops)
# Problematic frame:
# C  [libglass.dylib+0x15511]  GlassScreenDidChangeScreenParameters+0x21
#
# Failed to write core dump. Core dumps have been disabled. To enable core dumping, try "ulimit -c unlimited" before starting Java again
#
# If you would like to submit a bug report, please visit:
#   http://bugreport.java.com/bugreport/crash.jsp
#

---------------  T H R E A D  ---------------

Current thread is native thread

siginfo: si_signo: 11 (SIGSEGV), si_code: 1 (SEGV_MAPERR), si_addr: 0x0000000000000000

Registers:
RAX=0x0000000112630ac8, RBX=0x0000000000000000, RCX=0xa9f475f3016400f5, RDX=0x0000000000000103
RSP=0x00007ffee5fe6e80, RBP=0x00007ffee5fe6e90, RSI=0x00007fd773c05ab8, RDI=0x0000000000000000
R8 =0x00007fff93981048, R9 =0x0000000000000040, R10=0x00007fff93981040, R11=0xffffffffffffffff
R12=0x0000000000000000, R13=0x0000000000000000, R14=0x00007fd773d70940, R15=0x00007fd773c2c890
RIP=0x00000001125fe511, EFLAGS=0x0000000000010246, ERR=0x0000000000000004
  TRAPNO=0x000000000000000e

Top of Stack: (sp=0x00007ffee5fe6e80)
0x00007ffee5fe6e80:   00007fd773d70980 00007fd773d70940
0x00007ffee5fe6e90:   00007ffee5fe6ea0 00007fff33069f2c
0x00007ffee5fe6ea0:   00007ffee5fe6f10 00007fff33069dfa
0x00007ffee5fe6eb0:   00007fff9397c060 00000000c2000000
0x00007ffee5fe6ec0:   00007fff33069e70 00007fff8d125ae8
0x00007ffee5fe6ed0:   00007fd773d70940 00007fd773c2c890
0x00007ffee5fe6ee0:   0000000000000000 00007fff5a23ee80
0x00007ffee5fe6ef0:   00007fff5a23ee80 00007ffee5fe7750
0x00007ffee5fe6f00:   00007fd773d70940 00007fd7759013f0
0x00007ffee5fe6f10:   00007ffee5fe6f50 00007fff33069b31
0x00007ffee5fe6f20:   00007ffee5fe7520 0000000000000000
0x00007ffee5fe6f30:   00007fff5a23ee80 0000000000000000
0x00007ffee5fe6f40:   00007ffee5fe7750 00007fff3127be91
0x00007ffee5fe6f50:   00007ffee5fe7670 00007fff330278d0
0x00007ffee5fe6f60:   0000000000000001 00000000000000c0
0x00007ffee5fe6f70:   00007fd775901620 00007fff8d25ee01
0x00007ffee5fe6f80:   0000000000000000 00007fd773d36640
0x00007ffee5fe6f90:   00007fff8d25ee30 00007fff8d167978
0x00007ffee5fe6fa0:   00007fff8d127b00 0000000000000003
0x00007ffee5fe6fb0:   0000000000000000 00007fd773d709b0
0x00007ffee5fe6fc0:   0000000000000000 0000000000000000
0x00007ffee5fe6fd0:   00007ffee5fe7520 0000000000000001
0x00007ffee5fe6fe0:   0000000000000100 0000000000000000
0x00007ffee5fe6ff0:   00007ffee5fe7420 0000000000000000
0x00007ffee5fe7000:   0000000000000100 00007ffee5fe7000
0x00007ffee5fe7010:   00007fff3127be91 00007fd775080050
0x00007ffee5fe7020:   0000000000000001 00007ffee5fe70e0
0x00007ffee5fe7030:   00007fd773f002c0 0000000060b4ffce
0x00007ffee5fe7040:   00007ffee5fe7080 0000000109c32080
0x00007ffee5fe7050:   00007ffee5fe70e0 00007fff5b02675a
0x00007ffee5fe7060:   00007ffee5fe70f0 00007fff00000002
0x00007ffee5fe7070:   00007fd773c7cc50 00007fd773cfc080 

Instructions: (pc=0x00000001125fe511)
0x00000001125fe4f1:   48 89 e5 41 56 53 48 8d 05 c2 26 03 00 48 83 38
0x00000001125fe501:   00 48 89 fb 75 72 48 8d 05 ba 25 03 00 48 8b 30
0x00000001125fe511:   48 8b 03 48 8d 15 6c 9a 01 00 48 8d 0d 86 6f 01
0x00000001125fe521:   00 48 89 df ff 90 88 03 00 00 48 8d 0d 8e 26 03 

Register to memory mapping:

RAX=0x0000000112630ac8: jScreenClass+0 in /Library/Java/JavaVirtualMachines/jdk1.8.0_45.jdk/Contents/Home/jre/lib/libglass.dylib at 0x00000001125e9000
RBX=0x0000000000000000 is an unknown value
RCX=0xa9f475f3016400f5 is an unknown value
RDX=0x0000000000000103 is an unknown value
RSP=0x00007ffee5fe6e80 is an unknown value
RBP=0x00007ffee5fe6e90 is an unknown value
RSI=0x00007fd773c05ab8 is a global jni handle
RDI=0x0000000000000000 is an unknown value
R8 =0x00007fff93981048: __sFX+0x1c8 in /usr/lib/system/libsystem_c.dylib at 0x00007fff5aeb5000
R9 =0x0000000000000040 is an unknown value
R10=0x00007fff93981040: __sFX+0x1c0 in /usr/lib/system/libsystem_c.dylib at 0x00007fff5aeb5000
R11=0xffffffffffffffff is an unknown value
R12=0x0000000000000000 is an unknown value
R13=0x0000000000000000 is an unknown value
R14=0x00007fd773d70940 is an unknown value
R15=0x00007fd773c2c890 is an unknown value


Stack: [0x00007ffee57eb000,0x00007ffee5feb000],  sp=0x00007ffee5fe6e80,  free space=8175k
Native frames: (J=compiled Java code, j=interpreted, Vv=VM code, C=native code)
C  [libglass.dylib+0x15511]  GlassScreenDidChangeScreenParameters+0x21
C  [CoreFoundation+0x9af2c]  __CFNOTIFICATIONCENTER_IS_CALLING_OUT_TO_AN_OBSERVER__+0xc
C  [CoreFoundation+0x9adfa]  _CFXRegistrationPost+0x1ca
C  [CoreFoundation+0x9ab31]  ___CFXNotificationPost_block_invoke+0xe1
C  [CoreFoundation+0x588d0]  -[_CFXNotificationRegistrar find:object:observer:enumerator:]+0x680
C  [CoreFoundation+0x57a07]  _CFXNotificationPost+0x257
C  [Foundation+0x68c7]  -[NSNotificationCenter postNotificationName:object:userInfo:]+0x42
C  [AppKit+0xbc2133]  -[NSApplication(ScreenHandling) _reactToScreenInvalidationImmediately:]+0x162
C  [AppKit+0xbc1f95]  __60-[NSApplication(ScreenHandling) _reactToScreenInvalidation:]_block_invoke+0x3b
C  [CoreFoundation+0xa38cc]  __CFRUNLOOP_IS_CALLING_OUT_TO_A_BLOCK__+0xc
C  [CoreFoundation+0x862a3]  __CFRunLoopDoBlocks+0x113
C  [CoreFoundation+0x86068]  __CFRunLoopRun+0xc38
C  [CoreFoundation+0x851a3]  CFRunLoopRunSpecific+0x1e3
C  [java+0x6490]  CreateExecutionEnvironment+0x367
C  [java+0x221c]  JLI_Launch+0x7a0
C  [java+0x84ed]  main+0x65
C  [java+0x1a74]  start+0x34


---------------  P R O C E S S  ---------------

VM state:at safepoint (normal execution)

VM Mutex/Monitor currently owned by a thread:  ([mutex/lock_event])
[0x00007fd773d021e0] Threads_lock - owner thread: 0x00007fd775004000

Heap:
 PSYoungGen      total 76288K, used 23744K [0x000000076ab00000, 0x0000000770000000, 0x00000007c0000000)
  eden space 65536K, 36% used [0x000000076ab00000,0x000000076c230298,0x000000076eb00000)
  from space 10752K, 0% used [0x000000076f580000,0x000000076f580000,0x0000000770000000)
  to   space 10752K, 0% used [0x000000076eb00000,0x000000076eb00000,0x000000076f580000)
 ParOldGen       total 175104K, used 0K [0x00000006c0000000, 0x00000006cab00000, 0x000000076ab00000)
  object space 175104K, 0% used [0x00000006c0000000,0x00000006c0000000,0x00000006cab00000)
 Metaspace       used 8200K, capacity 8538K, committed 8832K, reserved 1056768K
  class space    used 960K, capacity 1095K, committed 1152K, reserved 1048576K

Card table byte_map: [0x000000010c129000,0x000000010c92a000] byte_map_base: 0x0000000108b29000

Marking Bits: (ParMarkBitMap*) 0x000000010b6c27a0
 Begin Bits: [0x0000000122734000, 0x0000000126734000)
 End Bits:   [0x0000000126734000, 0x000000012a734000)

Polling page: 0x0000000109c99000

CodeCache: size=245760Kb used=2262Kb max_used=2274Kb free=243497Kb
 bounds [0x0000000113734000, 0x00000001139a4000, 0x0000000122734000]
 total_blobs=920 nmethods=522 adapters=312
 compilation: enabled

Compilation events (10 events):
Event: 0.610 Thread 0x00007fd774010800  520       4       java.lang.AbstractStringBuilder::append (50 bytes)
Event: 0.610 Thread 0x00007fd774809000 nmethod 519 0x0000000113967610 code [0x00000001139677a0, 0x0000000113967ab8]
Event: 0.610 Thread 0x00007fd774809000  518       3       java.nio.Buffer::position (43 bytes)
Event: 0.610 Thread 0x00007fd774809000 nmethod 518 0x0000000113967c10 code [0x0000000113967d80, 0x0000000113968048]
Event: 0.610 Thread 0x00007fd774809000  522       3       java.lang.Integer::stringSize (21 bytes)
Event: 0.610 Thread 0x00007fd774809000 nmethod 522 0x0000000113968110 code [0x0000000113968280, 0x0000000113968490]
Event: 0.610 Thread 0x00007fd774809000  521       3       java.nio.CharBuffer::arrayOffset (35 bytes)
Event: 0.611 Thread 0x00007fd774809000 nmethod 521 0x0000000113968590 code [0x0000000113968720, 0x0000000113968a38]
Event: 0.611 Thread 0x00007fd774808000 nmethod 517 0x000000011396b910 code [0x000000011396ba60, 0x000000011396bbd8]
Event: 0.614 Thread 0x00007fd774010800 nmethod 520 0x0000000113969110 code [0x0000000113969280, 0x0000000113969678]

GC Heap History (0 events):
No events

Deoptimization events (1 events):
Event: 0.564 Thread 0x00007fd775082000 Uncommon trap: reason=unstable_if action=reinterpret pc=0x00000001138e40b4 method=java.lang.String.replace(CC)Ljava/lang/String; @ 2

Internal exceptions (10 events):
Event: 0.048 Thread 0x00007fd777001800 Exception <a 'java/lang/NoSuchMethodError': Method sun.misc.Unsafe.defineClass(Ljava/lang/String;[BII)Ljava/lang/Class; name or signature does not match> (0x000000076ab12db0) thrown at [/Users/java_re/workspace/8-2-build-macosx-x86_64/jdk8u45/3457/hotspot
Event: 0.048 Thread 0x00007fd777001800 Exception <a 'java/lang/NoSuchMethodError': Method sun.misc.Unsafe.prefetchRead(Ljava/lang/Object;J)V name or signature does not match> (0x000000076ab13040) thrown at [/Users/java_re/workspace/8-2-build-macosx-x86_64/jdk8u45/3457/hotspot/src/share/vm/prim
Event: 0.166 Thread 0x00007fd777001800 Exception <a 'java/lang/NoSuchFieldError': method resolution failed> (0x000000076b1db268) thrown at [/Users/java_re/workspace/8-2-build-macosx-x86_64/jdk8u45/3457/hotspot/src/share/vm/prims/methodHandles.cpp, line 1125]
Event: 0.168 Thread 0x00007fd777001800 Exception <a 'java/lang/NoSuchFieldError': method resolution failed> (0x000000076b1ea1d8) thrown at [/Users/java_re/workspace/8-2-build-macosx-x86_64/jdk8u45/3457/hotspot/src/share/vm/prims/methodHandles.cpp, line 1125]
Event: 0.185 Thread 0x00007fd777001800 Exception <a 'java/security/PrivilegedActionException'> (0x000000076b2942f0) thrown at [/Users/java_re/workspace/8-2-build-macosx-x86_64/jdk8u45/3457/hotspot/src/share/vm/prims/jvm.cpp, line 1382]
Event: 0.185 Thread 0x00007fd777001800 Exception <a 'java/security/PrivilegedActionException'> (0x000000076b2944a8) thrown at [/Users/java_re/workspace/8-2-build-macosx-x86_64/jdk8u45/3457/hotspot/src/share/vm/prims/jvm.cpp, line 1382]
Event: 0.185 Thread 0x00007fd777001800 Exception <a 'java/security/PrivilegedActionException'> (0x000000076b297698) thrown at [/Users/java_re/workspace/8-2-build-macosx-x86_64/jdk8u45/3457/hotspot/src/share/vm/prims/jvm.cpp, line 1382]
Event: 0.185 Thread 0x00007fd777001800 Exception <a 'java/security/PrivilegedActionException'> (0x000000076b297850) thrown at [/Users/java_re/workspace/8-2-build-macosx-x86_64/jdk8u45/3457/hotspot/src/share/vm/prims/jvm.cpp, line 1382]
Event: 0.185 Thread 0x00007fd777001800 Exception <a 'java/lang/NullPointerException'> (0x000000076b298418) thrown at [/Users/java_re/workspace/8-2-build-macosx-x86_64/jdk8u45/3457/hotspot/src/share/vm/interpreter/linkResolver.cpp, line 1178]
Event: 0.609 Thread 0x00007fd777001800 Exception <a 'java/lang/reflect/InvocationTargetException'> (0x000000076b6e0ce0) thrown at [/Users/java_re/workspace/8-2-build-macosx-x86_64/jdk8u45/3457/hotspot/src/share/vm/runtime/reflection.cpp, line 1080]

Events (10 events):
Event: 0.613 loading class java/util/Formatter$Flags done
Event: 0.613 loading class java/util/Formatter$Conversion
Event: 0.613 loading class java/util/Formatter$Conversion done
Event: 0.613 loading class java/util/Formattable
Event: 0.613 loading class java/util/Formattable done
Event: 0.614 loading class java/util/IdentityHashMap$KeyIterator
Event: 0.614 loading class java/util/IdentityHashMap$IdentityHashMapIterator
Event: 0.614 loading class java/util/IdentityHashMap$IdentityHashMapIterator done
Event: 0.614 loading class java/util/IdentityHashMap$KeyIterator done
Event: 0.614 Executing VM operation: Exit


Dynamic libraries:
0x000000000b4b3000 	/System/Library/Frameworks/Cocoa.framework/Versions/A/Cocoa
0x000000000b4b3000 	/System/Library/Frameworks/Security.framework/Versions/A/Security
0x000000000b4b3000 	/System/Library/Frameworks/ApplicationServices.framework/Versions/A/ApplicationServices
0x000000000b4b3000 	/usr/lib/libz.1.dylib
0x000000000b4b3000 	/usr/lib/libSystem.B.dylib
0x000000000b4b3000 	/usr/lib/libobjc.A.dylib
0x000000000b4b3000 	/System/Library/Frameworks/CoreFoundation.framework/Versions/A/CoreFoundation
0x000000000b4b3000 	/System/Library/Frameworks/Foundation.framework/Versions/C/Foundation
0x000000000b4b3000 	/System/Library/Frameworks/AppKit.framework/Versions/C/AppKit
0x000000000b4b3000 	/System/Library/Frameworks/CoreData.framework/Versions/A/CoreData
0x000000000b4b3000 	/System/Library/PrivateFrameworks/RemoteViewServices.framework/Versions/A/RemoteViewServices
0x000000000b4b3000 	/System/Library/PrivateFrameworks/UIFoundation.framework/Versions/A/UIFoundation
0x000000000b4b3000 	/System/Library/PrivateFrameworks/DFRFoundation.framework/Versions/A/DFRFoundation
0x000000000b4b3000 	/System/Library/Frameworks/Metal.framework/Versions/A/Metal
0x000000000b4b3000 	/System/Library/PrivateFrameworks/DesktopServicesPriv.framework/Versions/A/DesktopServicesPriv
0x000000000b4b3000 	/usr/lib/libenergytrace.dylib
0x000000000b4b3000 	/System/Library/PrivateFrameworks/SkyLight.framework/Versions/A/SkyLight
0x000000000b4b3000 	/System/Library/Frameworks/CoreGraphics.framework/Versions/A/CoreGraphics
0x000000000b4b3000 	/usr/lib/libScreenReader.dylib
0x000000000b4b3000 	/System/Library/Frameworks/Accelerate.framework/Versions/A/Accelerate
0x000000000b4b3000 	/System/Library/Frameworks/IOSurface.framework/Versions/A/IOSurface
0x000000000b4b3000 	/System/Library/Frameworks/AudioToolbox.framework/Versions/A/AudioToolbox
0x000000000b4b3000 	/System/Library/Frameworks/AudioUnit.framework/Versions/A/AudioUnit
0x000000000b4b3000 	/System/Library/PrivateFrameworks/DataDetectorsCore.framework/Versions/A/DataDetectorsCore
0x000000000b4b3000 	/System/Library/Frameworks/Carbon.framework/Versions/A/Frameworks/HIToolbox.framework/Versions/A/HIToolbox
0x000000000b4b3000 	/usr/lib/libicucore.A.dylib
0x000000000b4b3000 	/System/Library/Frameworks/QuartzCore.framework/Versions/A/QuartzCore
0x000000000b4b3000 	/System/Library/PrivateFrameworks/SignpostNotification.framework/Versions/A/SignpostNotification
0x000000000b4b3000 	/System/Library/Frameworks/Carbon.framework/Versions/A/Frameworks/SpeechRecognition.framework/Versions/A/SpeechRecognition
0x000000000b4b3000 	/usr/lib/libauto.dylib
0x000000000b4b3000 	/usr/lib/libxml2.2.dylib
0x000000000b4b3000 	/System/Library/PrivateFrameworks/CoreUI.framework/Versions/A/CoreUI
0x000000000b4b3000 	/System/Library/Frameworks/CoreAudio.framework/Versions/A/CoreAudio
0x000000000b4b3000 	/System/Library/Frameworks/DiskArbitration.framework/Versions/A/DiskArbitration
0x000000000b4b3000 	/usr/lib/liblangid.dylib
0x000000000b4b3000 	/System/Library/PrivateFrameworks/MultitouchSupport.framework/Versions/A/MultitouchSupport
0x000000000b4b3000 	/System/Library/Frameworks/IOKit.framework/Versions/A/IOKit
0x000000000b4b3000 	/usr/lib/libDiagnosticMessagesClient.dylib
0x000000000b4b3000 	/System/Library/Frameworks/CoreServices.framework/Versions/A/CoreServices
0x000000000b4b3000 	/System/Library/PrivateFrameworks/PerformanceAnalysis.framework/Versions/A/PerformanceAnalysis
0x000000000b4b3000 	/System/Library/Frameworks/OpenGL.framework/Versions/A/OpenGL
0x000000000b4b3000 	/System/Library/Frameworks/ColorSync.framework/Versions/A/ColorSync
0x000000000b4b3000 	/System/Library/Frameworks/CoreImage.framework/Versions/A/CoreImage
0x000000000b4b3000 	/System/Library/Frameworks/CoreText.framework/Versions/A/CoreText
0x000000000b4b3000 	/System/Library/Frameworks/ImageIO.framework/Versions/A/ImageIO
0x000000000b4b3000 	/System/Library/PrivateFrameworks/Backup.framework/Versions/A/Backup
0x000000000b4b3000 	/usr/lib/libarchive.2.dylib
0x000000000b4b3000 	/System/Library/Frameworks/CFNetwork.framework/Versions/A/CFNetwork
0x000000000b4b3000 	/System/Library/Frameworks/SystemConfiguration.framework/Versions/A/SystemConfiguration
0x000000000b4b3000 	/usr/lib/libCRFSuite.dylib
0x000000000b4b3000 	/usr/lib/libc++.1.dylib
0x000000000b4b3000 	/usr/lib/libc++abi.dylib
0x000000000b4b3000 	/usr/lib/system/libcache.dylib
0x000000000b4b3000 	/usr/lib/system/libcommonCrypto.dylib
0x000000000b4b3000 	/usr/lib/system/libcompiler_rt.dylib
0x000000000b4b3000 	/usr/lib/system/libcopyfile.dylib
0x000000000b4b3000 	/usr/lib/system/libcorecrypto.dylib
0x000000000b4b3000 	/usr/lib/system/libdispatch.dylib
0x000000000b4b3000 	/usr/lib/system/libdyld.dylib
0x000000000b4b3000 	/usr/lib/system/libkeymgr.dylib
0x000000000b4b3000 	/usr/lib/system/liblaunch.dylib
0x000000000b4b3000 	/usr/lib/system/libmacho.dylib
0x000000000b4b3000 	/usr/lib/system/libquarantine.dylib
0x000000000b4b3000 	/usr/lib/system/libremovefile.dylib
0x000000000b4b3000 	/usr/lib/system/libsystem_asl.dylib
0x000000000b4b3000 	/usr/lib/system/libsystem_blocks.dylib
0x000000000b4b3000 	/usr/lib/system/libsystem_c.dylib
0x000000000b4b3000 	/usr/lib/system/libsystem_configuration.dylib
0x000000000b4b3000 	/usr/lib/system/libsystem_coreservices.dylib
0x000000000b4b3000 	/usr/lib/system/libsystem_darwin.dylib
0x000000000b4b3000 	/usr/lib/system/libsystem_dnssd.dylib
0x000000000b4b3000 	/usr/lib/system/libsystem_info.dylib
0x000000000b4b3000 	/usr/lib/system/libsystem_m.dylib
0x000000000b4b3000 	/usr/lib/system/libsystem_malloc.dylib
0x000000000b4b3000 	/usr/lib/system/libsystem_network.dylib
0x000000000b4b3000 	/usr/lib/system/libsystem_networkextension.dylib
0x000000000b4b3000 	/usr/lib/system/libsystem_notify.dylib
0x000000000b4b3000 	/usr/lib/system/libsystem_sandbox.dylib
0x000000000b4b3000 	/usr/lib/system/libsystem_secinit.dylib
0x000000000b4b3000 	/usr/lib/system/libsystem_kernel.dylib
0x000000000b4b3000 	/usr/lib/system/libsystem_platform.dylib
0x000000000b4b3000 	/usr/lib/system/libsystem_pthread.dylib
0x000000000b4b3000 	/usr/lib/system/libsystem_symptoms.dylib
0x000000000b4b3000 	/usr/lib/system/libsystem_trace.dylib
0x000000000b4b3000 	/usr/lib/system/libunwind.dylib
0x000000000b4b3000 	/usr/lib/system/libxpc.dylib
0x000000000b4b3000 	/usr/lib/closure/libclosured.dylib
0x000000000b4b3000 	/usr/lib/libbsm.0.dylib
0x000000000b4b3000 	/usr/lib/system/libkxld.dylib
0x000000000b4b3000 	/usr/lib/libOpenScriptingUtil.dylib
0x000000000b4b3000 	/usr/lib/libcoretls.dylib
0x000000000b4b3000 	/usr/lib/libcoretls_cfhelpers.dylib
0x000000000b4b3000 	/usr/lib/libpam.2.dylib
0x000000000b4b3000 	/usr/lib/libsqlite3.dylib
0x000000000b4b3000 	/usr/lib/libxar.1.dylib
0x000000000b4b3000 	/usr/lib/libbz2.1.0.dylib
0x000000000b4b3000 	/usr/lib/liblzma.5.dylib
0x000000000b4b3000 	/usr/lib/libnetwork.dylib
0x000000000b4b3000 	/usr/lib/libapple_nghttp2.dylib
0x000000000b4b3000 	/usr/lib/libpcap.A.dylib
0x000000000b4b3000 	/usr/lib/libboringssl.dylib
0x000000000b4b3000 	/usr/lib/libusrtcp.dylib
0x000000000b4b3000 	/usr/lib/libapple_crypto.dylib
0x000000000b4b3000 	/System/Library/Frameworks/CoreServices.framework/Versions/A/Frameworks/FSEvents.framework/Versions/A/FSEvents
0x000000000b4b3000 	/System/Library/Frameworks/CoreServices.framework/Versions/A/Frameworks/CarbonCore.framework/Versions/A/CarbonCore
0x000000000b4b3000 	/System/Library/Frameworks/CoreServices.framework/Versions/A/Frameworks/Metadata.framework/Versions/A/Metadata
0x000000000b4b3000 	/System/Library/Frameworks/CoreServices.framework/Versions/A/Frameworks/OSServices.framework/Versions/A/OSServices
0x000000000b4b3000 	/System/Library/Frameworks/CoreServices.framework/Versions/A/Frameworks/SearchKit.framework/Versions/A/SearchKit
0x000000000b4b3000 	/System/Library/Frameworks/CoreServices.framework/Versions/A/Frameworks/AE.framework/Versions/A/AE
0x000000000b4b3000 	/System/Library/Frameworks/CoreServices.framework/Versions/A/Frameworks/LaunchServices.framework/Versions/A/LaunchServices
0x000000000b4b3000 	/System/Library/Frameworks/CoreServices.framework/Versions/A/Frameworks/DictionaryServices.framework/Versions/A/DictionaryServices
0x000000000b4b3000 	/System/Library/Frameworks/CoreServices.framework/Versions/A/Frameworks/SharedFileList.framework/Versions/A/SharedFileList
0x000000000b4b3000 	/System/Library/Frameworks/NetFS.framework/Versions/A/NetFS
0x000000000b4b3000 	/System/Library/PrivateFrameworks/NetAuth.framework/Versions/A/NetAuth
0x000000000b4b3000 	/System/Library/PrivateFrameworks/login.framework/Versions/A/Frameworks/loginsupport.framework/Versions/A/loginsupport
0x000000000b4b3000 	/System/Library/PrivateFrameworks/TCC.framework/Versions/A/TCC
0x000000000b4b3000 	/usr/lib/libmecabra.dylib
0x000000000b4b3000 	/System/Library/Frameworks/ApplicationServices.framework/Versions/A/Frameworks/ATS.framework/Versions/A/ATS
0x000000000b4b3000 	/System/Library/Frameworks/ApplicationServices.framework/Versions/A/Frameworks/ColorSyncLegacy.framework/Versions/A/ColorSyncLegacy
0x000000000b4b3000 	/System/Library/Frameworks/ApplicationServices.framework/Versions/A/Frameworks/HIServices.framework/Versions/A/HIServices
0x000000000b4b3000 	/System/Library/Frameworks/ApplicationServices.framework/Versions/A/Frameworks/LangAnalysis.framework/Versions/A/LangAnalysis
0x000000000b4b3000 	/System/Library/Frameworks/ApplicationServices.framework/Versions/A/Frameworks/PrintCore.framework/Versions/A/PrintCore
0x000000000b4b3000 	/System/Library/Frameworks/ApplicationServices.framework/Versions/A/Frameworks/QD.framework/Versions/A/QD
0x000000000b4b3000 	/System/Library/Frameworks/ApplicationServices.framework/Versions/A/Frameworks/SpeechSynthesis.framework/Versions/A/SpeechSynthesis
0x000000000b4b3000 	/System/Library/Frameworks/CoreDisplay.framework/Versions/A/CoreDisplay
0x000000000b4b3000 	/System/Library/Frameworks/Accelerate.framework/Versions/A/Frameworks/vImage.framework/Versions/A/vImage
0x000000000b4b3000 	/System/Library/Frameworks/Accelerate.framework/Versions/A/Frameworks/vecLib.framework/Versions/A/vecLib
0x000000000b4b3000 	/System/Library/Frameworks/Accelerate.framework/Versions/A/Frameworks/vecLib.framework/Versions/A/libvDSP.dylib
0x000000000b4b3000 	/System/Library/Frameworks/Accelerate.framework/Versions/A/Frameworks/vecLib.framework/Versions/A/libBNNS.dylib
0x000000000b4b3000 	/System/Library/Frameworks/Accelerate.framework/Versions/A/Frameworks/vecLib.framework/Versions/A/libQuadrature.dylib
0x000000000b4b3000 	/System/Library/Frameworks/Accelerate.framework/Versions/A/Frameworks/vecLib.framework/Versions/A/libvMisc.dylib
0x000000000b4b3000 	/System/Library/Frameworks/Accelerate.framework/Versions/A/Frameworks/vecLib.framework/Versions/A/libLAPACK.dylib
0x000000000b4b3000 	/System/Library/Frameworks/Accelerate.framework/Versions/A/Frameworks/vecLib.framework/Versions/A/libBLAS.dylib
0x000000000b4b3000 	/System/Library/Frameworks/Accelerate.framework/Versions/A/Frameworks/vecLib.framework/Versions/A/libLinearAlgebra.dylib
0x000000000b4b3000 	/System/Library/Frameworks/Accelerate.framework/Versions/A/Frameworks/vecLib.framework/Versions/A/libSparse.dylib
0x000000000b4b3000 	/System/Library/Frameworks/Accelerate.framework/Versions/A/Frameworks/vecLib.framework/Versions/A/libSparseBLAS.dylib
0x000000000b4b3000 	/System/Library/PrivateFrameworks/GPUWrangler.framework/Versions/A/GPUWrangler
0x000000000b4b3000 	/System/Library/PrivateFrameworks/IOAccelerator.framework/Versions/A/IOAccelerator
0x000000000b4b3000 	/System/Library/PrivateFrameworks/IOPresentment.framework/Versions/A/IOPresentment
0x000000000b4b3000 	/System/Library/PrivateFrameworks/DSExternalDisplay.framework/Versions/A/DSExternalDisplay
0x000000000b4b3000 	/System/Library/Frameworks/OpenGL.framework/Versions/A/Libraries/libCoreFSCache.dylib
0x000000000b4b3000 	/System/Library/Frameworks/CoreVideo.framework/Versions/A/CoreVideo
0x000000000b4b3000 	/System/Library/PrivateFrameworks/GraphVisualizer.framework/Versions/A/GraphVisualizer
0x000000000b4b3000 	/System/Library/Frameworks/MetalPerformanceShaders.framework/Versions/A/MetalPerformanceShaders
0x000000000b4b3000 	/usr/lib/libFosl_dynamic.dylib
0x000000000b4b3000 	/System/Library/PrivateFrameworks/FaceCore.framework/Versions/A/FaceCore
0x000000000b4b3000 	/System/Library/Frameworks/OpenCL.framework/Versions/A/OpenCL
0x000000000b4b3000 	/usr/lib/libcompression.dylib
0x000000000b4b3000 	/System/Library/Frameworks/ApplicationServices.framework/Versions/A/Frameworks/ATS.framework/Versions/A/Resources/libFontParser.dylib
0x000000000b4b3000 	/System/Library/Frameworks/ApplicationServices.framework/Versions/A/Frameworks/ATS.framework/Versions/A/Resources/libFontRegistry.dylib
0x000000000b4b3000 	/System/Library/Frameworks/ImageIO.framework/Versions/A/Resources/libJPEG.dylib
0x000000000b4b3000 	/System/Library/Frameworks/ImageIO.framework/Versions/A/Resources/libTIFF.dylib
0x000000000b4b3000 	/System/Library/Frameworks/ImageIO.framework/Versions/A/Resources/libPng.dylib
0x000000000b4b3000 	/System/Library/Frameworks/ImageIO.framework/Versions/A/Resources/libGIF.dylib
0x000000000b4b3000 	/System/Library/Frameworks/ImageIO.framework/Versions/A/Resources/libJP2.dylib
0x000000000b4b3000 	/System/Library/Frameworks/ImageIO.framework/Versions/A/Resources/libRadiance.dylib
0x000000000b4b3000 	/System/Library/PrivateFrameworks/AppleJPEG.framework/Versions/A/AppleJPEG
0x000000000b4b3000 	/System/Library/Frameworks/MetalPerformanceShaders.framework/Frameworks/MPSCore.framework/Versions/A/MPSCore
0x000000000b4b3000 	/System/Library/Frameworks/MetalPerformanceShaders.framework/Frameworks/MPSImage.framework/Versions/A/MPSImage
0x000000000b4b3000 	/System/Library/Frameworks/MetalPerformanceShaders.framework/Frameworks/MPSNeuralNetwork.framework/Versions/A/MPSNeuralNetwork
0x000000000b4b3000 	/System/Library/Frameworks/MetalPerformanceShaders.framework/Frameworks/MPSMatrix.framework/Versions/A/MPSMatrix
0x000000000b4b3000 	/System/Library/PrivateFrameworks/MetalTools.framework/Versions/A/MetalTools
0x000000000b4b3000 	/System/Library/Frameworks/OpenGL.framework/Versions/A/Libraries/libGLU.dylib
0x000000000b4b3000 	/System/Library/Frameworks/OpenGL.framework/Versions/A/Libraries/libGFXShared.dylib
0x000000000b4b3000 	/System/Library/Frameworks/OpenGL.framework/Versions/A/Libraries/libGL.dylib
0x000000000b4b3000 	/System/Library/Frameworks/OpenGL.framework/Versions/A/Libraries/libGLImage.dylib
0x000000000b4b3000 	/System/Library/Frameworks/OpenGL.framework/Versions/A/Libraries/libCVMSPluginSupport.dylib
0x000000000b4b3000 	/System/Library/Frameworks/OpenGL.framework/Versions/A/Libraries/libCoreVMClient.dylib
0x000000000b4b3000 	/usr/lib/libcups.2.dylib
0x000000000b4b3000 	/System/Library/Frameworks/Kerberos.framework/Versions/A/Kerberos
0x000000000b4b3000 	/System/Library/Frameworks/GSS.framework/Versions/A/GSS
0x000000000b4b3000 	/usr/lib/libresolv.9.dylib
0x000000000b4b3000 	/usr/lib/libiconv.2.dylib
0x000000000b4b3000 	/System/Library/PrivateFrameworks/Heimdal.framework/Versions/A/Heimdal
0x000000000b4b3000 	/usr/lib/libheimdal-asn1.dylib
0x000000000b4b3000 	/System/Library/Frameworks/OpenDirectory.framework/Versions/A/OpenDirectory
0x000000000b4b3000 	/System/Library/PrivateFrameworks/CommonAuth.framework/Versions/A/CommonAuth
0x000000000b4b3000 	/System/Library/Frameworks/OpenDirectory.framework/Versions/A/Frameworks/CFOpenDirectory.framework/Versions/A/CFOpenDirectory
0x000000000b4b3000 	/System/Library/Frameworks/SecurityFoundation.framework/Versions/A/SecurityFoundation
0x000000000b4b3000 	/System/Library/PrivateFrameworks/APFS.framework/Versions/A/APFS
0x000000000b4b3000 	/usr/lib/libutil.dylib
0x000000000b4b3000 	/System/Library/PrivateFrameworks/AppleSauce.framework/Versions/A/AppleSauce
0x000000000b4b3000 	/System/Library/PrivateFrameworks/LinguisticData.framework/Versions/A/LinguisticData
0x000000000b4b3000 	/usr/lib/libmarisa.dylib
0x000000000b4b3000 	/System/Library/PrivateFrameworks/Lexicon.framework/Versions/A/Lexicon
0x000000000b4b3000 	/usr/lib/libChineseTokenizer.dylib
0x000000000b4b3000 	/usr/lib/libcmph.dylib
0x000000000b4b3000 	/System/Library/PrivateFrameworks/LanguageModeling.framework/Versions/A/LanguageModeling
0x000000000b4b3000 	/System/Library/PrivateFrameworks/CoreEmoji.framework/Versions/A/CoreEmoji
0x000000000b4b3000 	/System/Library/Frameworks/ServiceManagement.framework/Versions/A/ServiceManagement
0x000000000b4b3000 	/System/Library/PrivateFrameworks/BackgroundTaskManagement.framework/Versions/A/BackgroundTaskManagement
0x000000000b4b3000 	/usr/lib/libxslt.1.dylib
0x000000000b4b3000 	/System/Library/Frameworks/Carbon.framework/Versions/A/Frameworks/Ink.framework/Versions/A/Ink
0x000000000b4b3000 	/System/Library/PrivateFrameworks/TextureIO.framework/Versions/A/TextureIO
0x000000000b4b3000 	/usr/lib/libate.dylib
0x000000000b4b3000 	/System/Library/PrivateFrameworks/CrashReporterSupport.framework/Versions/A/CrashReporterSupport
0x000000000b4b3000 	/System/Library/PrivateFrameworks/Sharing.framework/Versions/A/Sharing
0x000000000b4b3000 	/System/Library/PrivateFrameworks/IconServices.framework/Versions/A/IconServices
0x000000000b4b3000 	/System/Library/PrivateFrameworks/Apple80211.framework/Versions/A/Apple80211
0x000000000b4b3000 	/System/Library/PrivateFrameworks/CoreUtils.framework/Versions/A/CoreUtils
0x000000000b4b3000 	/System/Library/Frameworks/CoreWLAN.framework/Versions/A/CoreWLAN
0x000000000b4b3000 	/System/Library/Frameworks/IOBluetooth.framework/Versions/A/IOBluetooth
0x000000000b4b3000 	/System/Library/PrivateFrameworks/ProtocolBuffer.framework/Versions/A/ProtocolBuffer
0x000000000b4b3000 	/System/Library/PrivateFrameworks/CoreWiFi.framework/Versions/A/CoreWiFi
0x000000000b4b3000 	/System/Library/Frameworks/CoreBluetooth.framework/Versions/A/CoreBluetooth
0x000000000b4b3000 	/System/Library/PrivateFrameworks/DebugSymbols.framework/Versions/A/DebugSymbols
0x000000000b4b3000 	/System/Library/PrivateFrameworks/CoreSymbolication.framework/Versions/A/CoreSymbolication
0x000000000b4b3000 	/System/Library/PrivateFrameworks/Symbolication.framework/Versions/A/Symbolication
0x000000000b4b3000 	/System/Library/PrivateFrameworks/AppleFSCompression.framework/Versions/A/AppleFSCompression
0x000000000b4b3000 	/System/Library/PrivateFrameworks/SpeechRecognitionCore.framework/Versions/A/SpeechRecognitionCore
0x000000010ae00000 	/Library/Java/JavaVirtualMachines/jdk1.8.0_45.jdk/Contents/Home/jre/lib/server/libjvm.dylib
0x000000000b4b3000 	/usr/lib/libstdc++.6.0.9.dylib
0x0000000109c56000 	/Library/Java/JavaVirtualMachines/jdk1.8.0_45.jdk/Contents/Home/jre/lib/libverify.dylib
0x0000000109c64000 	/Library/Java/JavaVirtualMachines/jdk1.8.0_45.jdk/Contents/Home/jre/lib/libjava.dylib
0x0000000109c9a000 	/Library/Java/JavaVirtualMachines/jdk1.8.0_45.jdk/Contents/Home/jre/lib/libinstrument.dylib
0x0000000109d38000 	/Library/Java/JavaVirtualMachines/jdk1.8.0_45.jdk/Contents/Home/jre/lib/libzip.dylib
0x000000000b4b3000 	/System/Library/Frameworks/JavaVM.framework/Versions/A/Frameworks/JavaRuntimeSupport.framework/Versions/A/JavaRuntimeSupport
0x000000000b4b3000 	/System/Library/Frameworks/JavaVM.framework/Versions/A/Frameworks/JavaNativeFoundation.framework/Versions/A/JavaNativeFoundation
0x000000000b4b3000 	/System/Library/Frameworks/JavaVM.framework/Versions/A/JavaVM
0x000000000b4b3000 	/System/Library/Frameworks/Carbon.framework/Versions/A/Carbon
0x000000000b4b3000 	/System/Library/PrivateFrameworks/JavaLaunching.framework/Versions/A/JavaLaunching
0x000000000b4b3000 	/System/Library/Frameworks/Carbon.framework/Versions/A/Frameworks/CommonPanels.framework/Versions/A/CommonPanels
0x000000000b4b3000 	/System/Library/Frameworks/Carbon.framework/Versions/A/Frameworks/Help.framework/Versions/A/Help
0x000000000b4b3000 	/System/Library/Frameworks/Carbon.framework/Versions/A/Frameworks/ImageCapture.framework/Versions/A/ImageCapture
0x000000000b4b3000 	/System/Library/Frameworks/Carbon.framework/Versions/A/Frameworks/OpenScripting.framework/Versions/A/OpenScripting
0x000000000b4b3000 	/System/Library/Frameworks/Carbon.framework/Versions/A/Frameworks/Print.framework/Versions/A/Print
0x000000000b4b3000 	/System/Library/Frameworks/Carbon.framework/Versions/A/Frameworks/SecurityHI.framework/Versions/A/SecurityHI
0x0000000111865000 	/Library/Java/JavaVirtualMachines/jdk1.8.0_45.jdk/Contents/Home/jre/lib/libnet.dylib
0x000000011195a000 	/Library/Java/JavaVirtualMachines/jdk1.8.0_45.jdk/Contents/Home/jre/lib/libprism_es2.dylib
0x000000000b4b3000 	/System/Library/PrivateFrameworks/CoreServicesInternal.framework/Versions/A/CoreServicesInternal
0x000000000b4b3000 	/System/Library/Frameworks/OpenGL.framework/Versions/A/Resources/GLEngine.bundle/GLEngine
0x000000000b4b3000 	/System/Library/Frameworks/OpenGL.framework/Versions/A/Libraries/libGLProgrammability.dylib
0x0000000111a04000 	/System/Library/Extensions/AppleIntelHD5000GraphicsGLDriver.bundle/Contents/MacOS/AppleIntelHD5000GraphicsGLDriver
0x000000000b4b3000 	/System/Library/PrivateFrameworks/GPUSupport.framework/Versions/A/Libraries/libGPUSupportMercury.dylib
0x000000000b4b3000 	/System/Library/Extensions/GeForceGLDriver.bundle/Contents/MacOS/GeForceGLDriver
0x000000000b4b3000 	/System/Library/Extensions/GeForceGLDriver.bundle/Contents/MacOS/libclh.dylib
0x000000000b4b3000 	/System/Library/Frameworks/OpenGL.framework/Versions/A/Resources/GLRendererFloat.bundle/GLRendererFloat
0x000000000b4b3000 	/System/Library/Frameworks/OpenCL.framework/Versions/A/Libraries/libcldcpuengine.dylib
0x000000000b4b3000 	/usr/lib/libcrypto.35.dylib
0x000000000b4b3000 	/System/Library/PrivateFrameworks/TrustEvaluationAgent.framework/Versions/A/TrustEvaluationAgent
0x00000001125e9000 	/Library/Java/JavaVirtualMachines/jdk1.8.0_45.jdk/Contents/Home/jre/lib/libglass.dylib
0x000000000b4b3000 	/System/Library/CoreServices/RawCamera.bundle/Contents/MacOS/RawCamera
0x000000000b4b3000 	/System/Library/PrivateFrameworks/MobileAsset.framework/Versions/A/MobileAsset
0x000000000b4b3000 	/System/Library/PrivateFrameworks/StreamingZip.framework/Versions/A/StreamingZip
0x000000000b4b3000 	/System/Library/Frameworks/MediaToolbox.framework/Versions/A/MediaToolbox
0x000000000b4b3000 	/System/Library/PrivateFrameworks/CoreAVCHD.framework/Versions/A/CoreAVCHD
0x000000000b4b3000 	/System/Library/Frameworks/MediaAccessibility.framework/Versions/A/MediaAccessibility
0x000000000b4b3000 	/System/Library/PrivateFrameworks/Mangrove.framework/Versions/A/Mangrove
0x000000000b4b3000 	/System/Library/Frameworks/CoreMedia.framework/Versions/A/CoreMedia
0x000000000b4b3000 	/System/Library/Frameworks/VideoToolbox.framework/Versions/A/VideoToolbox
0x000000000b4b3000 	/System/Library/PrivateFrameworks/CoreAUC.framework/Versions/A/CoreAUC
0x000000000b4b3000 	/usr/lib/libspindump.dylib
0x000000000b4b3000 	/System/Library/PrivateFrameworks/AppleVA.framework/Versions/A/AppleVA
0x000000000b4b3000 	/System/Library/Frameworks/Accelerate.framework/Versions/A/Frameworks/vImage.framework/Versions/A/Libraries/libCGInterfaces.dylib
0x000000000b4b3000 	/System/Library/PrivateFrameworks/FamilyControls.framework/Versions/A/FamilyControls
0x000000000b4b3000 	/System/Library/PrivateFrameworks/CommerceKit.framework/Versions/A/Frameworks/CommerceCore.framework/Versions/A/CommerceCore
0x000000000b4b3000 	/System/Library/PrivateFrameworks/SystemAdministration.framework/Versions/A/SystemAdministration
0x000000000b4b3000 	/System/Library/PrivateFrameworks/AppContainer.framework/Versions/A/AppContainer
0x000000000b4b3000 	/System/Library/PrivateFrameworks/SecCodeWrapper.framework/Versions/A/SecCodeWrapper
0x000000000b4b3000 	/System/Library/PrivateFrameworks/DiskManagement.framework/Versions/A/DiskManagement
0x000000000b4b3000 	/System/Library/Frameworks/DirectoryService.framework/Versions/A/DirectoryService
0x000000000b4b3000 	/System/Library/PrivateFrameworks/DiskImages.framework/Versions/A/DiskImages
0x000000000b4b3000 	/System/Library/PrivateFrameworks/LoginUIKit.framework/Versions/A/Frameworks/LoginUICore.framework/Versions/A/LoginUICore
0x000000000b4b3000 	/usr/lib/libCoreStorage.dylib
0x000000000b4b3000 	/usr/lib/libcsfde.dylib
0x000000000b4b3000 	/usr/lib/libodfde.dylib
0x000000000b4b3000 	/System/Library/PrivateFrameworks/MediaKit.framework/Versions/A/MediaKit
0x000000000b4b3000 	/System/Library/Frameworks/DiscRecording.framework/Versions/A/DiscRecording
0x000000000b4b3000 	/System/Library/PrivateFrameworks/EFILogin.framework/Versions/A/EFILogin
0x000000000b4b3000 	/System/Library/PrivateFrameworks/ProtectedCloudStorage.framework/Versions/A/ProtectedCloudStorage
0x000000000b4b3000 	/usr/lib/libcurl.4.dylib
0x000000000b4b3000 	/usr/lib/libssl.35.dylib
0x000000000b4b3000 	/System/Library/Frameworks/LDAP.framework/Versions/A/LDAP
0x000000000b4b3000 	/usr/lib/libsasl2.2.dylib
0x000000000b4b3000 	/System/Library/PrivateFrameworks/CoreDaemon.framework/Versions/B/CoreDaemon
0x000000000b4b3000 	/System/Library/PrivateFrameworks/AppleSRP.framework/Versions/A/AppleSRP

VM Arguments:
jvm_args: -javaagent:/Applications/IntelliJ IDEA.app/Contents/lib/idea_rt.jar=56156:/Applications/IntelliJ IDEA.app/Contents/bin -Dfile.encoding=UTF-8 
java_command: com.kskrueger.college.gui.TestingApplication
java_class_path (initial): /Library/Java/JavaVirtualMachines/jdk1.8.0_45.jdk/Contents/Home/jre/lib/charsets.jar:/Library/Java/JavaVirtualMachines/jdk1.8.0_45.jdk/Contents/Home/jre/lib/deploy.jar:/Library/Java/JavaVirtualMachines/jdk1.8.0_45.jdk/Contents/Home/jre/lib/ext/cldrdata.jar:/Library/Java/JavaVirtualMachines/jdk1.8.0_45.jdk/Contents/Home/jre/lib/ext/dnsns.jar:/Library/Java/JavaVirtualMachines/jdk1.8.0_45.jdk/Contents/Home/jre/lib/ext/jfxrt.jar:/Library/Java/JavaVirtualMachines/jdk1.8.0_45.jdk/Contents/Home/jre/lib/ext/localedata.jar:/Library/Java/JavaVirtualMachines/jdk1.8.0_45.jdk/Contents/Home/jre/lib/ext/nashorn.jar:/Library/Java/JavaVirtualMachines/jdk1.8.0_45.jdk/Contents/Home/jre/lib/ext/sunec.jar:/Library/Java/JavaVirtualMachines/jdk1.8.0_45.jdk/Contents/Home/jre/lib/ext/sunjce_provider.jar:/Library/Java/JavaVirtualMachines/jdk1.8.0_45.jdk/Contents/Home/jre/lib/ext/sunpkcs11.jar:/Library/Java/JavaVirtualMachines/jdk1.8.0_45.jdk/Contents/Home/jre/lib/ext/zipfs.jar:/Library/Java/JavaVirtualMachines/jdk1.8.0_45.jdk/Contents/Home/jre/lib/javaws.jar:/Library/Java/JavaVirtualMachines/jdk1.8.0_45.jdk/Contents/Home/jre/lib/jce.jar:/Library/Java/JavaVirtualMachines/jdk1.8.0_45.jdk/Contents/Home/jre/lib/jfr.jar:/Library/Java/JavaVirtualMachines/jdk1.8.0_45.jdk/Contents/Home/jre/lib/jfxswt.jar:/Library/Java/JavaVirtualMachines/jdk1.8.0_45.jdk/Contents/Home/jre/lib/jsse.jar:/Library/Java/JavaVirtualMachines/jdk1.8.0_45.jdk/Contents/Home/jre/lib/management-agent.jar:/Library/Java/JavaVirtualMachines/jdk1.8.0_45.jdk/Contents/Home/jre/lib/plugin.jar:/Library/Java/JavaVirtualMachines/jdk1.8.0_45.jdk/Contents/Home/jre/lib/resources.jar:/Library/Java/JavaVirtualMachines/jdk1.8.0_45.jdk/Contents/Home/jre/lib/rt.jar:/Library/Java/JavaVirtualMachines/jdk1.8.0_45.jdk/Contents/Home/lib/ant-javafx.jar:/Library/Java/JavaVirtualMachines/jdk1.8.0_45.jdk/Contents/Home/lib/dt.jar:/Library/Java/JavaVirtualMachines/jdk1.8.0_45.jdk/Contents/Home/lib/javafx-mx.jar:/Library/Java/Jav
Launcher Type: SUN_STANDARD

Environment Variables:
PATH=/Library/Frameworks/Python.framework/Versions/3.6/bin:/usr/local/bin:/usr/bin:/bin:/usr/sbin:/sbin:/opt/X11/bin
SHELL=/bin/bash
DISPLAY=/private/tmp/com.apple.launchd.X0T3jUeCfC/org.macosforge.xquartz:0

Signal Handlers:
SIGSEGV: [libjvm.dylib+0x58ef95], sa_mask[0]=11111111011111110111111111111111, sa_flags=SA_ONSTACK|SA_RESTART|SA_SIGINFO
SIGBUS: [libjvm.dylib+0x58ef95], sa_mask[0]=11111111011111110111111111111111, sa_flags=SA_RESTART|SA_SIGINFO
SIGFPE: [libjvm.dylib+0x46c108], sa_mask[0]=11111111011111110111111111111111, sa_flags=SA_RESTART|SA_SIGINFO
SIGPIPE: [libjvm.dylib+0x46c108], sa_mask[0]=11111111011111110111111111111111, sa_flags=SA_RESTART|SA_SIGINFO
SIGXFSZ: [libjvm.dylib+0x46c108], sa_mask[0]=11111111011111110111111111111111, sa_flags=SA_RESTART|SA_SIGINFO
SIGILL: [libjvm.dylib+0x46c108], sa_mask[0]=11111111011111110111111111111111, sa_flags=SA_RESTART|SA_SIGINFO
SIGUSR1: SIG_DFL, sa_mask[0]=00000000000000000000000000000000, sa_flags=none
SIGUSR2: [libjvm.dylib+0x46bc26], sa_mask[0]=00100000000000000000000000000000, sa_flags=SA_RESTART|SA_SIGINFO
SIGHUP: [libjvm.dylib+0x46a1f9], sa_mask[0]=11111111011111110111111111111111, sa_flags=SA_RESTART|SA_SIGINFO
SIGINT: [libjvm.dylib+0x46a1f9], sa_mask[0]=11111111011111110111111111111111, sa_flags=SA_RESTART|SA_SIGINFO
SIGTERM: [libjvm.dylib+0x46a1f9], sa_mask[0]=11111111011111110111111111111111, sa_flags=SA_RESTART|SA_SIGINFO
SIGQUIT: [libjvm.dylib+0x46a1f9], sa_mask[0]=11111111011111110111111111111111, sa_flags=SA_RESTART|SA_SIGINFO


---------------  S Y S T E M  ---------------

OS:Bsduname:Darwin 17.6.0 Darwin Kernel Version 17.6.0: Tue May  8 15:22:16 PDT 2018; root:xnu-4570.61.1~1/RELEASE_X86_64 x86_64
rlimit: STACK 8192k, CORE 0k, NPROC 1418, NOFILE 10240, AS infinity
load average:2.96 2.47 2.23

CPU:total 8 (4 cores per cpu, 2 threads per core) family 6 model 70 stepping 1, cmov, cx8, fxsr, mmx, sse, sse2, sse3, ssse3, sse4.1, sse4.2, popcnt, avx, avx2, aes, clmul, erms, lzcnt, ht, tsc, tscinvbit, bmi1, bmi2

Memory: 4k page, physical 16777216k(2934824k free)

/proc/meminfo:


vm_info: Java HotSpot(TM) 64-Bit Server VM (25.45-b02) for bsd-amd64 JRE (1.8.0_45-b14), built on Apr 10 2015 10:46:38 by "java_re" with gcc 4.2.1 (Based on Apple Inc. build 5658) (LLVM build 2336.11.00)

time: Sat Jul 21 15:03:09 2018
elapsed time: 0 seconds (0d 0h 0m 0s)

